<?xml version="1.0" encoding="UTF-8"?>
<testsuite xmlns:xsi="http://www.w3.org/2001/XMLSchema-instance" xsi:noNamespaceSchemaLocation="https://maven.apache.org/surefire/maven-surefire-plugin/xsd/surefire-test-report.xsd" name="com.cfz.test.Test1" time="1.054" tests="1" errors="0" skipped="0" failures="0">
  <properties>
    <property name="sun.desktop" value="windows"/>
    <property name="awt.toolkit" value="sun.awt.windows.WToolkit"/>
    <property name="file.encoding.pkg" value="sun.io"/>
    <property name="java.specification.version" value="1.8"/>
    <property name="sun.cpu.isalist" value="amd64"/>
    <property name="sun.jnu.encoding" value="GBK"/>
    <property name="java.class.path" value="D:\IdeaProjects\shujiashixun\demo1\target\test-classes;D:\IdeaProjects\shujiashixun\demo1\target\classes;D:\.m2\repository\org\springframework\spring-context\5.1.9.RELEASE\spring-context-5.1.9.RELEASE.jar;D:\.m2\repository\org\springframework\spring-aop\5.1.9.RELEASE\spring-aop-5.1.9.RELEASE.jar;D:\.m2\repository\org\springframework\spring-beans\5.1.9.RELEASE\spring-beans-5.1.9.RELEASE.jar;D:\.m2\repository\org\springframework\spring-core\5.1.9.RELEASE\spring-core-5.1.9.RELEASE.jar;D:\.m2\repository\org\springframework\spring-jcl\5.1.9.RELEASE\spring-jcl-5.1.9.RELEASE.jar;D:\.m2\repository\org\springframework\spring-expression\5.1.9.RELEASE\spring-expression-5.1.9.RELEASE.jar;D:\.m2\repository\org\aspectj\aspectjweaver\1.8.13\aspectjweaver-1.8.13.jar;D:\.m2\repository\org\springframework\spring-jdbc\5.1.9.RELEASE\spring-jdbc-5.1.9.RELEASE.jar;D:\.m2\repository\org\springframework\spring-tx\5.1.9.RELEASE\spring-tx-5.1.9.RELEASE.jar;D:\.m2\repository\org\mybatis\mybatis-spring\2.0.4\mybatis-spring-2.0.4.jar;D:\.m2\repository\org\mybatis\mybatis\3.5.4\mybatis-3.5.4.jar;D:\.m2\repository\log4j\log4j\1.2.17\log4j-1.2.17.jar;D:\.m2\repository\org\slf4j\slf4j-api\1.7.36\slf4j-api-1.7.36.jar;D:\.m2\repository\jstl\jstl\1.2\jstl-1.2.jar;D:\.m2\repository\com\github\pagehelper\pagehelper\5.1.10\pagehelper-5.1.10.jar;D:\.m2\repository\com\github\jsqlparser\jsqlparser\2.0\jsqlparser-2.0.jar;D:\.m2\repository\com\fasterxml\jackson\core\jackson-annotations\2.13.4\jackson-annotations-2.13.4.jar;D:\.m2\repository\mysql\mysql-connector-java\8.0.25\mysql-connector-java-8.0.25.jar;D:\.m2\repository\com\google\protobuf\protobuf-java\3.11.4\protobuf-java-3.11.4.jar;D:\.m2\repository\com\alibaba\druid\1.1.16\druid-1.1.16.jar;D:\.m2\repository\junit\junit\4.12\junit-4.12.jar;D:\.m2\repository\org\hamcrest\hamcrest-core\1.3\hamcrest-core-1.3.jar;D:\.m2\repository\org\springframework\spring-test\5.1.9.RELEASE\spring-test-5.1.9.RELEASE.jar;D:\.m2\repository\org\projectlombok\lombok\1.18.20\lombok-1.18.20.jar;D:\.m2\repository\javax\servlet\javax.servlet-api\3.1.0\javax.servlet-api-3.1.0.jar;D:\.m2\repository\javax\servlet\jsp\jsp-api\2.1\jsp-api-2.1.jar;D:\.m2\repository\org\springframework\spring-webmvc\5.1.9.RELEASE\spring-webmvc-5.1.9.RELEASE.jar;D:\.m2\repository\org\springframework\spring-web\5.1.9.RELEASE\spring-web-5.1.9.RELEASE.jar;D:\.m2\repository\org\mybatis\generator\mybatis-generator-core\1.4.2\mybatis-generator-core-1.4.2.jar;D:\.m2\repository\com\alibaba\fastjson\2.0.23\fastjson-2.0.23.jar;D:\.m2\repository\com\alibaba\fastjson2\fastjson2-extension\2.0.23\fastjson2-extension-2.0.23.jar;D:\.m2\repository\com\alibaba\fastjson2\fastjson2\2.0.23\fastjson2-2.0.23.jar;D:\.m2\repository\org\hibernate\hibernate-validator\5.4.2.Final\hibernate-validator-5.4.2.Final.jar;D:\.m2\repository\org\jboss\logging\jboss-logging\3.3.0.Final\jboss-logging-3.3.0.Final.jar;D:\.m2\repository\com\fasterxml\classmate\1.3.1\classmate-1.3.1.jar;D:\.m2\repository\javax\validation\validation-api\1.1.0.Final\validation-api-1.1.0.Final.jar;D:\.m2\repository\net\sf\json-lib\json-lib\2.4\json-lib-2.4-jdk15.jar;D:\.m2\repository\commons-beanutils\commons-beanutils\1.8.0\commons-beanutils-1.8.0.jar;D:\.m2\repository\commons-collections\commons-collections\3.2.1\commons-collections-3.2.1.jar;D:\.m2\repository\commons-lang\commons-lang\2.5\commons-lang-2.5.jar;D:\.m2\repository\commons-logging\commons-logging\1.1.1\commons-logging-1.1.1.jar;D:\.m2\repository\net\sf\ezmorph\ezmorph\1.0.6\ezmorph-1.0.6.jar;D:\.m2\repository\com\aliyun\aliyun-java-sdk-core\4.5.0\aliyun-java-sdk-core-4.5.0.jar;D:\.m2\repository\com\google\code\gson\gson\2.8.6\gson-2.8.6.jar;D:\.m2\repository\javax\xml\bind\jaxb-api\2.3.1\jaxb-api-2.3.1.jar;D:\.m2\repository\javax\activation\javax.activation-api\1.2.0\javax.activation-api-1.2.0.jar;D:\.m2\repository\org\jacoco\org.jacoco.agent\0.8.5\org.jacoco.agent-0.8.5-runtime.jar;D:\.m2\repository\org\ini4j\ini4j\0.5.4\ini4j-0.5.4.jar;D:\.m2\repository\io\opentracing\opentracing-api\0.33.0\opentracing-api-0.33.0.jar;D:\.m2\repository\io\opentracing\opentracing-util\0.33.0\opentracing-util-0.33.0.jar;D:\.m2\repository\io\opentracing\opentracing-noop\0.33.0\opentracing-noop-0.33.0.jar;D:\.m2\repository\org\apache\httpcomponents\httpcore\4.4.10\httpcore-4.4.10.jar;D:\.m2\repository\org\apache\httpcomponents\httpclient\4.5.6\httpclient-4.5.6.jar;D:\.m2\repository\commons-codec\commons-codec\1.10\commons-codec-1.10.jar;D:\.m2\repository\org\springframework\data\spring-data-redis\1.7.2.RELEASE\spring-data-redis-1.7.2.RELEASE.jar;D:\.m2\repository\org\springframework\data\spring-data-keyvalue\1.1.2.RELEASE\spring-data-keyvalue-1.1.2.RELEASE.jar;D:\.m2\repository\org\springframework\data\spring-data-commons\1.12.2.RELEASE\spring-data-commons-1.12.2.RELEASE.jar;D:\.m2\repository\org\springframework\spring-oxm\4.2.6.RELEASE\spring-oxm-4.2.6.RELEASE.jar;D:\.m2\repository\org\springframework\spring-context-support\4.2.6.RELEASE\spring-context-support-4.2.6.RELEASE.jar;D:\.m2\repository\org\slf4j\jcl-over-slf4j\1.7.21\jcl-over-slf4j-1.7.21.jar;D:\.m2\repository\redis\clients\jedis\2.8.1\jedis-2.8.1.jar;D:\.m2\repository\org\apache\commons\commons-pool2\2.4.2\commons-pool2-2.4.2.jar;D:\.m2\repository\org\springframework\spring-aspects\5.3.26\spring-aspects-5.3.26.jar;D:\.m2\repository\org\apache\poi\poi\3.8\poi-3.8.jar;D:\.m2\repository\org\apache\poi\poi-ooxml\3.8\poi-ooxml-3.8.jar;D:\.m2\repository\dom4j\dom4j\1.6.1\dom4j-1.6.1.jar;D:\.m2\repository\xml-apis\xml-apis\1.0.b2\xml-apis-1.0.b2.jar;D:\.m2\repository\org\apache\poi\poi-ooxml-schemas\3.8\poi-ooxml-schemas-3.8.jar;D:\.m2\repository\org\apache\xmlbeans\xmlbeans\2.3.0\xmlbeans-2.3.0.jar;D:\.m2\repository\stax\stax-api\1.0.1\stax-api-1.0.1.jar;D:\.m2\repository\org\slf4j\slf4j-log4j12\1.7.30\slf4j-log4j12-1.7.30.jar;"/>
    <property name="java.vm.vendor" value="Oracle Corporation"/>
    <property name="sun.arch.data.model" value="64"/>
    <property name="user.variant" value=""/>
    <property name="java.vendor.url" value="http://java.oracle.com/"/>
    <property name="user.timezone" value="Asia/Shanghai"/>
    <property name="java.vm.specification.version" value="1.8"/>
    <property name="os.name" value="Windows 10"/>
    <property name="user.country" value="CN"/>
    <property name="sun.java.launcher" value="SUN_STANDARD"/>
    <property name="sun.boot.library.path" value="D:\Environment\JAVA\jdk1.8.0_281\jre\bin"/>
    <property name="sun.java.command" value="C:\Users\cfz17\AppData\Local\Temp\surefire1161809217899365455\surefirebooter7147878156394708519.jar C:\Users\cfz17\AppData\Local\Temp\surefire1161809217899365455 2023-08-13T17-47-08_435-jvmRun1 surefire288476785969881050tmp surefire_03886506376534854243tmp"/>
    <property name="surefire.test.class.path" value="D:\IdeaProjects\shujiashixun\demo1\target\test-classes;D:\IdeaProjects\shujiashixun\demo1\target\classes;D:\.m2\repository\org\springframework\spring-context\5.1.9.RELEASE\spring-context-5.1.9.RELEASE.jar;D:\.m2\repository\org\springframework\spring-aop\5.1.9.RELEASE\spring-aop-5.1.9.RELEASE.jar;D:\.m2\repository\org\springframework\spring-beans\5.1.9.RELEASE\spring-beans-5.1.9.RELEASE.jar;D:\.m2\repository\org\springframework\spring-core\5.1.9.RELEASE\spring-core-5.1.9.RELEASE.jar;D:\.m2\repository\org\springframework\spring-jcl\5.1.9.RELEASE\spring-jcl-5.1.9.RELEASE.jar;D:\.m2\repository\org\springframework\spring-expression\5.1.9.RELEASE\spring-expression-5.1.9.RELEASE.jar;D:\.m2\repository\org\aspectj\aspectjweaver\1.8.13\aspectjweaver-1.8.13.jar;D:\.m2\repository\org\springframework\spring-jdbc\5.1.9.RELEASE\spring-jdbc-5.1.9.RELEASE.jar;D:\.m2\repository\org\springframework\spring-tx\5.1.9.RELEASE\spring-tx-5.1.9.RELEASE.jar;D:\.m2\repository\org\mybatis\mybatis-spring\2.0.4\mybatis-spring-2.0.4.jar;D:\.m2\repository\org\mybatis\mybatis\3.5.4\mybatis-3.5.4.jar;D:\.m2\repository\log4j\log4j\1.2.17\log4j-1.2.17.jar;D:\.m2\repository\org\slf4j\slf4j-api\1.7.36\slf4j-api-1.7.36.jar;D:\.m2\repository\jstl\jstl\1.2\jstl-1.2.jar;D:\.m2\repository\com\github\pagehelper\pagehelper\5.1.10\pagehelper-5.1.10.jar;D:\.m2\repository\com\github\jsqlparser\jsqlparser\2.0\jsqlparser-2.0.jar;D:\.m2\repository\com\fasterxml\jackson\core\jackson-annotations\2.13.4\jackson-annotations-2.13.4.jar;D:\.m2\repository\mysql\mysql-connector-java\8.0.25\mysql-connector-java-8.0.25.jar;D:\.m2\repository\com\google\protobuf\protobuf-java\3.11.4\protobuf-java-3.11.4.jar;D:\.m2\repository\com\alibaba\druid\1.1.16\druid-1.1.16.jar;D:\.m2\repository\junit\junit\4.12\junit-4.12.jar;D:\.m2\repository\org\hamcrest\hamcrest-core\1.3\hamcrest-core-1.3.jar;D:\.m2\repository\org\springframework\spring-test\5.1.9.RELEASE\spring-test-5.1.9.RELEASE.jar;D:\.m2\repository\org\projectlombok\lombok\1.18.20\lombok-1.18.20.jar;D:\.m2\repository\javax\servlet\javax.servlet-api\3.1.0\javax.servlet-api-3.1.0.jar;D:\.m2\repository\javax\servlet\jsp\jsp-api\2.1\jsp-api-2.1.jar;D:\.m2\repository\org\springframework\spring-webmvc\5.1.9.RELEASE\spring-webmvc-5.1.9.RELEASE.jar;D:\.m2\repository\org\springframework\spring-web\5.1.9.RELEASE\spring-web-5.1.9.RELEASE.jar;D:\.m2\repository\org\mybatis\generator\mybatis-generator-core\1.4.2\mybatis-generator-core-1.4.2.jar;D:\.m2\repository\com\alibaba\fastjson\2.0.23\fastjson-2.0.23.jar;D:\.m2\repository\com\alibaba\fastjson2\fastjson2-extension\2.0.23\fastjson2-extension-2.0.23.jar;D:\.m2\repository\com\alibaba\fastjson2\fastjson2\2.0.23\fastjson2-2.0.23.jar;D:\.m2\repository\org\hibernate\hibernate-validator\5.4.2.Final\hibernate-validator-5.4.2.Final.jar;D:\.m2\repository\org\jboss\logging\jboss-logging\3.3.0.Final\jboss-logging-3.3.0.Final.jar;D:\.m2\repository\com\fasterxml\classmate\1.3.1\classmate-1.3.1.jar;D:\.m2\repository\javax\validation\validation-api\1.1.0.Final\validation-api-1.1.0.Final.jar;D:\.m2\repository\net\sf\json-lib\json-lib\2.4\json-lib-2.4-jdk15.jar;D:\.m2\repository\commons-beanutils\commons-beanutils\1.8.0\commons-beanutils-1.8.0.jar;D:\.m2\repository\commons-collections\commons-collections\3.2.1\commons-collections-3.2.1.jar;D:\.m2\repository\commons-lang\commons-lang\2.5\commons-lang-2.5.jar;D:\.m2\repository\commons-logging\commons-logging\1.1.1\commons-logging-1.1.1.jar;D:\.m2\repository\net\sf\ezmorph\ezmorph\1.0.6\ezmorph-1.0.6.jar;D:\.m2\repository\com\aliyun\aliyun-java-sdk-core\4.5.0\aliyun-java-sdk-core-4.5.0.jar;D:\.m2\repository\com\google\code\gson\gson\2.8.6\gson-2.8.6.jar;D:\.m2\repository\javax\xml\bind\jaxb-api\2.3.1\jaxb-api-2.3.1.jar;D:\.m2\repository\javax\activation\javax.activation-api\1.2.0\javax.activation-api-1.2.0.jar;D:\.m2\repository\org\jacoco\org.jacoco.agent\0.8.5\org.jacoco.agent-0.8.5-runtime.jar;D:\.m2\repository\org\ini4j\ini4j\0.5.4\ini4j-0.5.4.jar;D:\.m2\repository\io\opentracing\opentracing-api\0.33.0\opentracing-api-0.33.0.jar;D:\.m2\repository\io\opentracing\opentracing-util\0.33.0\opentracing-util-0.33.0.jar;D:\.m2\repository\io\opentracing\opentracing-noop\0.33.0\opentracing-noop-0.33.0.jar;D:\.m2\repository\org\apache\httpcomponents\httpcore\4.4.10\httpcore-4.4.10.jar;D:\.m2\repository\org\apache\httpcomponents\httpclient\4.5.6\httpclient-4.5.6.jar;D:\.m2\repository\commons-codec\commons-codec\1.10\commons-codec-1.10.jar;D:\.m2\repository\org\springframework\data\spring-data-redis\1.7.2.RELEASE\spring-data-redis-1.7.2.RELEASE.jar;D:\.m2\repository\org\springframework\data\spring-data-keyvalue\1.1.2.RELEASE\spring-data-keyvalue-1.1.2.RELEASE.jar;D:\.m2\repository\org\springframework\data\spring-data-commons\1.12.2.RELEASE\spring-data-commons-1.12.2.RELEASE.jar;D:\.m2\repository\org\springframework\spring-oxm\4.2.6.RELEASE\spring-oxm-4.2.6.RELEASE.jar;D:\.m2\repository\org\springframework\spring-context-support\4.2.6.RELEASE\spring-context-support-4.2.6.RELEASE.jar;D:\.m2\repository\org\slf4j\jcl-over-slf4j\1.7.21\jcl-over-slf4j-1.7.21.jar;D:\.m2\repository\redis\clients\jedis\2.8.1\jedis-2.8.1.jar;D:\.m2\repository\org\apache\commons\commons-pool2\2.4.2\commons-pool2-2.4.2.jar;D:\.m2\repository\org\springframework\spring-aspects\5.3.26\spring-aspects-5.3.26.jar;D:\.m2\repository\org\apache\poi\poi\3.8\poi-3.8.jar;D:\.m2\repository\org\apache\poi\poi-ooxml\3.8\poi-ooxml-3.8.jar;D:\.m2\repository\dom4j\dom4j\1.6.1\dom4j-1.6.1.jar;D:\.m2\repository\xml-apis\xml-apis\1.0.b2\xml-apis-1.0.b2.jar;D:\.m2\repository\org\apache\poi\poi-ooxml-schemas\3.8\poi-ooxml-schemas-3.8.jar;D:\.m2\repository\org\apache\xmlbeans\xmlbeans\2.3.0\xmlbeans-2.3.0.jar;D:\.m2\repository\stax\stax-api\1.0.1\stax-api-1.0.1.jar;D:\.m2\repository\org\slf4j\slf4j-log4j12\1.7.30\slf4j-log4j12-1.7.30.jar;"/>
    <property name="sun.cpu.endian" value="little"/>
    <property name="user.home" value="C:\Users\cfz17"/>
    <property name="user.language" value="zh"/>
    <property name="java.specification.vendor" value="Oracle Corporation"/>
    <property name="java.home" value="D:\Environment\JAVA\jdk1.8.0_281\jre"/>
    <property name="basedir" value="D:\IdeaProjects\shujiashixun\demo1"/>
    <property name="file.separator" value="\"/>
    <property name="line.separator" value="&#10;"/>
    <property name="java.vm.specification.vendor" value="Oracle Corporation"/>
    <property name="java.specification.name" value="Java Platform API Specification"/>
    <property name="java.awt.graphicsenv" value="sun.awt.Win32GraphicsEnvironment"/>
    <property name="surefire.real.class.path" value="C:\Users\cfz17\AppData\Local\Temp\surefire1161809217899365455\surefirebooter7147878156394708519.jar"/>
    <property name="sun.boot.class.path" value="D:\Environment\JAVA\jdk1.8.0_281\jre\lib\resources.jar;D:\Environment\JAVA\jdk1.8.0_281\jre\lib\rt.jar;D:\Environment\JAVA\jdk1.8.0_281\jre\lib\sunrsasign.jar;D:\Environment\JAVA\jdk1.8.0_281\jre\lib\jsse.jar;D:\Environment\JAVA\jdk1.8.0_281\jre\lib\jce.jar;D:\Environment\JAVA\jdk1.8.0_281\jre\lib\charsets.jar;D:\Environment\JAVA\jdk1.8.0_281\jre\lib\jfr.jar;D:\Environment\JAVA\jdk1.8.0_281\jre\classes"/>
    <property name="user.script" value=""/>
    <property name="sun.management.compiler" value="HotSpot 64-Bit Tiered Compilers"/>
    <property name="java.runtime.version" value="1.8.0_281-b09"/>
    <property name="user.name" value="cfz17"/>
    <property name="path.separator" value=";"/>
    <property name="os.version" value="10.0"/>
    <property name="java.endorsed.dirs" value="D:\Environment\JAVA\jdk1.8.0_281\jre\lib\endorsed"/>
    <property name="java.runtime.name" value="Java(TM) SE Runtime Environment"/>
    <property name="file.encoding" value="GBK"/>
    <property name="java.vm.name" value="Java HotSpot(TM) 64-Bit Server VM"/>
    <property name="idea.version2020.1" value="true"/>
    <property name="localRepository" value="D:\.m2\repository"/>
    <property name="java.vendor.url.bug" value="http://bugreport.sun.com/bugreport/"/>
    <property name="java.io.tmpdir" value="C:\Users\cfz17\AppData\Local\Temp\"/>
    <property name="java.version" value="1.8.0_281"/>
    <property name="user.dir" value="D:\IdeaProjects\shujiashixun\demo1"/>
    <property name="os.arch" value="amd64"/>
    <property name="java.vm.specification.name" value="Java Virtual Machine Specification"/>
    <property name="java.awt.printerjob" value="sun.awt.windows.WPrinterJob"/>
    <property name="sun.os.patch.level" value=""/>
    <property name="java.library.path" value="D:\Environment\JAVA\jdk1.8.0_281\jre\bin;C:\Windows\Sun\Java\bin;C:\Windows\system32;C:\Windows;D:\Application\VMware workstation\bin\;C:\Windows\system32;C:\Windows;C:\Windows\System32\Wbem;C:\Windows\System32\WindowsPowerShell\v1.0\;C:\Windows\System32\OpenSSH\;D:\Environment\JAVA\jdk1.8.0_281\jre\bin;D:\Environment\JAVA\jdk1.8.0_281\bin;D:\Environment\apache-maven-3.6.3\bin;D:\Program Files\Microsoft SQL Server\Client SDK\ODBC\110\Tools\Binn\;D:\Program Files (x86)\Microsoft SQL Server\120\Tools\Binn\;D:\Program Files\Microsoft SQL Server\120\Tools\Binn\;D:\Program Files\Microsoft SQL Server\120\DTS\Binn\;D:\Program Files (x86)\Microsoft SQL Server\150\DTS\Binn\;C:\Program Files\Azure Data Studio\bin;D:\Environment\nodeJs\;D:\Environment\Git\cmd;D:\Environment\Python\Python36\Scripts\;D:\Environment\Python\Python36\;C:\Users\cfz17\AppData\Local\Microsoft\WindowsApps;;C:\Program Files\Azure Data Studio\bin;C:\Users\cfz17\AppData\Roaming\npm;D:\Application\PyCharm Community Edition 2022.3.2\bin;;C:\Users\cfz17\AppData\Local\Pandoc\;."/>
    <property name="java.vm.info" value="mixed mode"/>
    <property name="java.vendor" value="Oracle Corporation"/>
    <property name="java.vm.version" value="25.281-b09"/>
    <property name="java.ext.dirs" value="D:\Environment\JAVA\jdk1.8.0_281\jre\lib\ext;C:\Windows\Sun\Java\lib\ext"/>
    <property name="sun.io.unicode.encoding" value="UnicodeLittle"/>
    <property name="java.class.version" value="52.0"/>
  </properties>
  <testcase name="t1" classname="com.cfz.test.Test1" time="1.013"/>
</testsuite>